<?xml version="1.0" encoding="UTF-8"?>
<!-- Generated by org.testng.reporters.JUnitReportReporter -->
<testsuite hostname="DESKTOP-TP94IGN" name="com.selenium.learning.firefoxprofileini" tests="3" failures="0" timestamp="14 Dec 2017 06:52:47 GMT" time="53.596" errors="0">
  <testcase name="browserlanch" time="18.252" classname="com.selenium.learning.firefoxprofileini"/>
  <testcase name="browserlanch" time="21.634" classname="com.selenium.learning.firefoxprofileini"/>
  <testcase name="browserlanch" time="13.710" classname="com.selenium.learning.firefoxprofileini"/>
</testsuite> <!-- com.selenium.learning.firefoxprofileini -->
